[0.750s] Invoking command in '/workspaces/isaac_ros-dev/build/realsense2_camera': CMAKE_PREFIX_PATH=/workspaces/isaac_ros-dev/install/realsense2_camera_msgs:/workspaces/isaac_ros-dev/install/realsense2_description:/workspaces/isaac_ros-dev/install/realsense2_camera:/workspaces/isaac_ros-dev/install/isaac_ros_tensor_list_interfaces:/workspaces/isaac_ros-dev/install/isaac_ros_pointcloud_interfaces:/workspaces/isaac_ros-dev/install/isaac_ros_nova_interfaces:/workspaces/isaac_ros-dev/install/isaac_ros_nitros_bridge_interfaces:/workspaces/isaac_ros-dev/install/isaac_ros_common:/workspaces/isaac_ros-dev/install/isaac_ros_bi3d_interfaces:/workspaces/isaac_ros-dev/install/isaac_ros_apriltag_interfaces:/workspaces/isaac_ros-dev/install/gst_bridge:/workspaces/isaac_ros-dev/install/audio_msgs:/workspaces/isaac_ros-dev/install/isaac_ros_test:/workspaces/isaac_ros-dev/install/gst_pipeline:/opt/ros/humble LD_LIBRARY_PATH=/workspaces/isaac_ros-dev/install/realsense2_camera_msgs/lib:/workspaces/isaac_ros-dev/install/realsense2_camera/lib:/workspaces/isaac_ros-dev/install/isaac_ros_tensor_list_interfaces/lib:/workspaces/isaac_ros-dev/install/isaac_ros_pointcloud_interfaces/lib:/workspaces/isaac_ros-dev/install/isaac_ros_nova_interfaces/lib:/workspaces/isaac_ros-dev/install/isaac_ros_nitros_bridge_interfaces/lib:/workspaces/isaac_ros-dev/install/isaac_ros_common/lib:/workspaces/isaac_ros-dev/install/isaac_ros_bi3d_interfaces/lib:/workspaces/isaac_ros-dev/install/isaac_ros_apriltag_interfaces/lib:/workspaces/isaac_ros-dev/install/gst_bridge/lib:/workspaces/isaac_ros-dev/install/audio_msgs/lib:/opt/ros/humble/opt/rviz_ogre_vendor/lib:/opt/ros/humble/lib/aarch64-linux-gnu:/opt/ros/humble/lib:/usr/lib/aarch64-linux-gnu/tegra/weston:/usr/lib/aarch64-linux-gnu/tegra-egl:/usr/local/cuda-11.4/targets/aarch64-linux/lib:/usr/lib/aarch64-linux-gnu/tegra:/opt/nvidia/vpi2/lib64:/usr/lib/aarch64-linux-gnu-host:/opt/tritonserver/lib /usr/bin/cmake --build /workspaces/isaac_ros-dev/build/realsense2_camera -- -j6 -l6
[1.170s] [35m[1mConsolidate compiler generated dependencies of target realsense2_camera[0m
[1.178s] [ 12%] Built target realsense2_camera_node
[1.705s] [ 18%] [32mBuilding CXX object CMakeFiles/realsense2_camera.dir/src/base_realsense_node.cpp.o[0m
[1.724s] [ 25%] [32mBuilding CXX object CMakeFiles/realsense2_camera.dir/src/realsense_node_factory.cpp.o[0m
[1.743s] [ 31%] [32mBuilding CXX object CMakeFiles/realsense2_camera.dir/src/parameters.cpp.o[0m
[1.786s] [ 37%] [32mBuilding CXX object CMakeFiles/realsense2_camera.dir/src/t265_realsense_node.cpp.o[0m
[1.849s] [ 43%] [32mBuilding CXX object CMakeFiles/realsense2_camera.dir/src/rs_node_setup.cpp.o[0m
[1.873s] [ 50%] [32mBuilding CXX object CMakeFiles/realsense2_camera.dir/src/named_filter.cpp.o[0m
[19.155s] In file included from [01m[K/workspaces/isaac_ros-dev/src/realsense-ros/realsense2_camera/src/named_filter.cpp:4[m[K:
[19.157s] [01m[K/workspaces/isaac_ros-dev/src/realsense-ros/realsense2_camera/include/named_filter.h:22:18:[m[K [01;31m[Kerror: [m[Kextra qualification â€˜[01m[Krealsense2_camera::NamedFilter::[m[Kâ€™ on member â€˜[01m[KsetOptions[m[Kâ€™ [[01;31m[K-fpermissive[m[K]
[19.159s]    22 |             void [01;31m[KNamedFilter[m[K::setOptions();
[19.160s]       |                  [01;31m[K^~~~~~~~~~~[m[K
[23.683s] In file included from [01m[K/workspaces/isaac_ros-dev/src/realsense-ros/realsense2_camera/include/base_realsense_node.h:34[m[K,
[23.685s]                  from [01m[K/workspaces/isaac_ros-dev/src/realsense-ros/realsense2_camera/src/../include/t265_realsense_node.h:6[m[K,
[23.686s]                  from [01m[K/workspaces/isaac_ros-dev/src/realsense-ros/realsense2_camera/src/t265_realsense_node.cpp:4[m[K:
[23.687s] [01m[K/workspaces/isaac_ros-dev/src/realsense-ros/realsense2_camera/include/named_filter.h:22:18:[m[K [01;31m[Kerror: [m[Kextra qualification â€˜[01m[Krealsense2_camera::NamedFilter::[m[Kâ€™ on member â€˜[01m[KsetOptions[m[Kâ€™ [[01;31m[K-fpermissive[m[K]
[23.688s]    22 |             void [01;31m[KNamedFilter[m[K::setOptions();
[23.690s]       |                  [01;31m[K^~~~~~~~~~~[m[K
[25.037s] In file included from [01m[K/workspaces/isaac_ros-dev/src/realsense-ros/realsense2_camera/src/../include/base_realsense_node.h:34[m[K,
[25.038s]                  from [01m[K/workspaces/isaac_ros-dev/src/realsense-ros/realsense2_camera/src/base_realsense_node.cpp:4[m[K:
[25.043s] [01m[K/workspaces/isaac_ros-dev/src/realsense-ros/realsense2_camera/include/named_filter.h:22:18:[m[K [01;31m[Kerror: [m[Kextra qualification â€˜[01m[Krealsense2_camera::NamedFilter::[m[Kâ€™ on member â€˜[01m[KsetOptions[m[Kâ€™ [[01;31m[K-fpermissive[m[K]
[25.045s]    22 |             void [01;31m[KNamedFilter[m[K::setOptions();
[25.047s]       |                  [01;31m[K^~~~~~~~~~~[m[K
[25.050s] In file included from [01m[K/workspaces/isaac_ros-dev/src/realsense-ros/realsense2_camera/src/../include/base_realsense_node.h:34[m[K,
[25.051s]                  from [01m[K/workspaces/isaac_ros-dev/src/realsense-ros/realsense2_camera/src/rs_node_setup.cpp:4[m[K:
[25.051s] [01m[K/workspaces/isaac_ros-dev/src/realsense-ros/realsense2_camera/include/named_filter.h:22:18:[m[K [01;31m[Kerror: [m[Kextra qualification â€˜[01m[Krealsense2_camera::NamedFilter::[m[Kâ€™ on member â€˜[01m[KsetOptions[m[Kâ€™ [[01;31m[K-fpermissive[m[K]
[25.051s]    22 |             void [01;31m[KNamedFilter[m[K::setOptions();
[25.051s]       |                  [01;31m[K^~~~~~~~~~~[m[K
[25.092s] In file included from [01m[K/workspaces/isaac_ros-dev/src/realsense-ros/realsense2_camera/src/../include/base_realsense_node.h:34[m[K,
[25.094s]                  from [01m[K/workspaces/isaac_ros-dev/src/realsense-ros/realsense2_camera/src/parameters.cpp:4[m[K:
[25.095s] [01m[K/workspaces/isaac_ros-dev/src/realsense-ros/realsense2_camera/include/named_filter.h:22:18:[m[K [01;31m[Kerror: [m[Kextra qualification â€˜[01m[Krealsense2_camera::NamedFilter::[m[Kâ€™ on member â€˜[01m[KsetOptions[m[Kâ€™ [[01;31m[K-fpermissive[m[K]
[25.096s]    22 |             void [01;31m[KNamedFilter[m[K::setOptions();
[25.098s]       |                  [01;31m[K^~~~~~~~~~~[m[K
[26.010s] In file included from [01m[K/workspaces/isaac_ros-dev/src/realsense-ros/realsense2_camera/src/../include/base_realsense_node.h:34[m[K,
[26.014s]                  from [01m[K/workspaces/isaac_ros-dev/src/realsense-ros/realsense2_camera/src/../include/realsense_node_factory.h:8[m[K,
[26.016s]                  from [01m[K/workspaces/isaac_ros-dev/src/realsense-ros/realsense2_camera/src/realsense_node_factory.cpp:4[m[K:
[26.018s] [01m[K/workspaces/isaac_ros-dev/src/realsense-ros/realsense2_camera/include/named_filter.h:22:18:[m[K [01;31m[Kerror: [m[Kextra qualification â€˜[01m[Krealsense2_camera::NamedFilter::[m[Kâ€™ on member â€˜[01m[KsetOptions[m[Kâ€™ [[01;31m[K-fpermissive[m[K]
[26.019s]    22 |             void [01;31m[KNamedFilter[m[K::setOptions();
[26.020s]       |                  [01;31m[K^~~~~~~~~~~[m[K
[28.675s] make[2]: *** [CMakeFiles/realsense2_camera.dir/build.make:202: CMakeFiles/realsense2_camera.dir/src/named_filter.cpp.o] Error 1
[28.676s] make[2]: *** Waiting for unfinished jobs....
[31.872s] make[2]: *** [CMakeFiles/realsense2_camera.dir/build.make:118: CMakeFiles/realsense2_camera.dir/src/parameters.cpp.o] Error 1
[37.706s] make[2]: *** [CMakeFiles/realsense2_camera.dir/build.make:76: CMakeFiles/realsense2_camera.dir/src/realsense_node_factory.cpp.o] Error 1
[37.984s] make[2]: *** [CMakeFiles/realsense2_camera.dir/build.make:104: CMakeFiles/realsense2_camera.dir/src/t265_realsense_node.cpp.o] Error 1
[38.116s] make[2]: *** [CMakeFiles/realsense2_camera.dir/build.make:132: CMakeFiles/realsense2_camera.dir/src/rs_node_setup.cpp.o] Error 1
[39.399s] make[2]: *** [CMakeFiles/realsense2_camera.dir/build.make:90: CMakeFiles/realsense2_camera.dir/src/base_realsense_node.cpp.o] Error 1
[39.400s] make[1]: *** [CMakeFiles/Makefile2:139: CMakeFiles/realsense2_camera.dir/all] Error 2
[39.401s] make: *** [Makefile:146: all] Error 2
[39.407s] Invoked command in '/workspaces/isaac_ros-dev/build/realsense2_camera' returned '2': CMAKE_PREFIX_PATH=/workspaces/isaac_ros-dev/install/realsense2_camera_msgs:/workspaces/isaac_ros-dev/install/realsense2_description:/workspaces/isaac_ros-dev/install/realsense2_camera:/workspaces/isaac_ros-dev/install/isaac_ros_tensor_list_interfaces:/workspaces/isaac_ros-dev/install/isaac_ros_pointcloud_interfaces:/workspaces/isaac_ros-dev/install/isaac_ros_nova_interfaces:/workspaces/isaac_ros-dev/install/isaac_ros_nitros_bridge_interfaces:/workspaces/isaac_ros-dev/install/isaac_ros_common:/workspaces/isaac_ros-dev/install/isaac_ros_bi3d_interfaces:/workspaces/isaac_ros-dev/install/isaac_ros_apriltag_interfaces:/workspaces/isaac_ros-dev/install/gst_bridge:/workspaces/isaac_ros-dev/install/audio_msgs:/workspaces/isaac_ros-dev/install/isaac_ros_test:/workspaces/isaac_ros-dev/install/gst_pipeline:/opt/ros/humble LD_LIBRARY_PATH=/workspaces/isaac_ros-dev/install/realsense2_camera_msgs/lib:/workspaces/isaac_ros-dev/install/realsense2_camera/lib:/workspaces/isaac_ros-dev/install/isaac_ros_tensor_list_interfaces/lib:/workspaces/isaac_ros-dev/install/isaac_ros_pointcloud_interfaces/lib:/workspaces/isaac_ros-dev/install/isaac_ros_nova_interfaces/lib:/workspaces/isaac_ros-dev/install/isaac_ros_nitros_bridge_interfaces/lib:/workspaces/isaac_ros-dev/install/isaac_ros_common/lib:/workspaces/isaac_ros-dev/install/isaac_ros_bi3d_interfaces/lib:/workspaces/isaac_ros-dev/install/isaac_ros_apriltag_interfaces/lib:/workspaces/isaac_ros-dev/install/gst_bridge/lib:/workspaces/isaac_ros-dev/install/audio_msgs/lib:/opt/ros/humble/opt/rviz_ogre_vendor/lib:/opt/ros/humble/lib/aarch64-linux-gnu:/opt/ros/humble/lib:/usr/lib/aarch64-linux-gnu/tegra/weston:/usr/lib/aarch64-linux-gnu/tegra-egl:/usr/local/cuda-11.4/targets/aarch64-linux/lib:/usr/lib/aarch64-linux-gnu/tegra:/opt/nvidia/vpi2/lib64:/usr/lib/aarch64-linux-gnu-host:/opt/tritonserver/lib /usr/bin/cmake --build /workspaces/isaac_ros-dev/build/realsense2_camera -- -j6 -l6
