[01m[K/workspaces/isaac_ros-dev/src/realsense-ros/realsense2_camera/src/named_filter.cpp:20:6:[m[K [01;31m[Kerror: [m[Kno declaration matches â€˜[01m[Kvoid realsense2_camera::NamedFilter::setOptions()[m[Kâ€™
   20 | void [01;31m[KNamedFilter[m[K::setOptions(){
      |      [01;31m[K^~~~~~~~~~~[m[K
[01m[K/workspaces/isaac_ros-dev/src/realsense-ros/realsense2_camera/src/named_filter.cpp:20:6:[m[K [01;36m[Knote: [m[Kno functions named â€˜[01m[Kvoid realsense2_camera::NamedFilter::setOptions()[m[Kâ€™
In file included from [01m[K/workspaces/isaac_ros-dev/src/realsense-ros/realsense2_camera/src/named_filter.cpp:4[m[K:
[01m[K/workspaces/isaac_ros-dev/src/realsense-ros/realsense2_camera/include/named_filter.h:15:11:[m[K [01;36m[Knote: [m[Kâ€˜[01m[Kclass realsense2_camera::NamedFilter[m[Kâ€™ defined here
   15 |     class [01;36m[KNamedFilter[m[K
      |           [01;36m[K^~~~~~~~~~~[m[K
[01m[K/workspaces/isaac_ros-dev/src/realsense-ros/realsense2_camera/src/base_realsense_node.cpp:[m[K In member function â€˜[01m[Kvoid realsense2_camera::BaseRealSenseNode::setupFilters()[m[Kâ€™:
[01m[K/workspaces/isaac_ros-dev/src/realsense-ros/realsense2_camera/src/base_realsense_node.cpp:179:5:[m[K [01;31m[Kerror: [m[Kâ€˜[01m[K_colorized_filter[m[Kâ€™ was not declared in this scope; did you mean â€˜[01m[K_colorizer_filter[m[Kâ€™?
  179 |     [01;31m[K_colorized_filter[m[K->setOptions();
      |     [01;31m[K^~~~~~~~~~~~~~~~~[m[K
      |     [32m[K_colorizer_filter[m[K
make[2]: *** [CMakeFiles/realsense2_camera.dir/build.make:202: CMakeFiles/realsense2_camera.dir/src/named_filter.cpp.o] Error 1
make[2]: *** Waiting for unfinished jobs....
make[2]: *** [CMakeFiles/realsense2_camera.dir/build.make:90: CMakeFiles/realsense2_camera.dir/src/base_realsense_node.cpp.o] Error 1
make[1]: *** [CMakeFiles/Makefile2:139: CMakeFiles/realsense2_camera.dir/all] Error 2
make: *** [Makefile:146: all] Error 2
