[0.654s] Invoking command in '/workspaces/isaac_ros-dev/build/realsense2_camera': CMAKE_PREFIX_PATH=/workspaces/isaac_ros-dev/install/realsense2_camera_msgs:/workspaces/isaac_ros-dev/install/realsense2_description:/workspaces/isaac_ros-dev/install/realsense2_camera:/workspaces/isaac_ros-dev/install/isaac_ros_tensor_list_interfaces:/workspaces/isaac_ros-dev/install/isaac_ros_pointcloud_interfaces:/workspaces/isaac_ros-dev/install/isaac_ros_nova_interfaces:/workspaces/isaac_ros-dev/install/isaac_ros_nitros_bridge_interfaces:/workspaces/isaac_ros-dev/install/isaac_ros_common:/workspaces/isaac_ros-dev/install/isaac_ros_bi3d_interfaces:/workspaces/isaac_ros-dev/install/isaac_ros_apriltag_interfaces:/workspaces/isaac_ros-dev/install/gst_bridge:/workspaces/isaac_ros-dev/install/audio_msgs:/workspaces/isaac_ros-dev/install/isaac_ros_test:/workspaces/isaac_ros-dev/install/gst_pipeline:/opt/ros/humble LD_LIBRARY_PATH=/workspaces/isaac_ros-dev/install/realsense2_camera_msgs/lib:/workspaces/isaac_ros-dev/install/realsense2_camera/lib:/workspaces/isaac_ros-dev/install/isaac_ros_tensor_list_interfaces/lib:/workspaces/isaac_ros-dev/install/isaac_ros_pointcloud_interfaces/lib:/workspaces/isaac_ros-dev/install/isaac_ros_nova_interfaces/lib:/workspaces/isaac_ros-dev/install/isaac_ros_nitros_bridge_interfaces/lib:/workspaces/isaac_ros-dev/install/isaac_ros_common/lib:/workspaces/isaac_ros-dev/install/isaac_ros_bi3d_interfaces/lib:/workspaces/isaac_ros-dev/install/isaac_ros_apriltag_interfaces/lib:/workspaces/isaac_ros-dev/install/gst_bridge/lib:/workspaces/isaac_ros-dev/install/audio_msgs/lib:/opt/ros/humble/opt/rviz_ogre_vendor/lib:/opt/ros/humble/lib/aarch64-linux-gnu:/opt/ros/humble/lib:/usr/lib/aarch64-linux-gnu/tegra/weston:/usr/lib/aarch64-linux-gnu/tegra-egl:/usr/local/cuda-11.4/targets/aarch64-linux/lib:/usr/lib/aarch64-linux-gnu/tegra:/opt/nvidia/vpi2/lib64:/usr/lib/aarch64-linux-gnu-host:/opt/tritonserver/lib /usr/bin/cmake --build /workspaces/isaac_ros-dev/build/realsense2_camera -- -j6 -l6
[1.037s] [35m[1mConsolidate compiler generated dependencies of target realsense2_camera[0m
[1.137s] [ 12%] Built target realsense2_camera_node
[1.388s] [ 18%] [32mBuilding CXX object CMakeFiles/realsense2_camera.dir/src/base_realsense_node.cpp.o[0m
[1.388s] [ 25%] [32mBuilding CXX object CMakeFiles/realsense2_camera.dir/src/named_filter.cpp.o[0m
[11.607s] [01m[K/workspaces/isaac_ros-dev/src/realsense-ros/realsense2_camera/src/named_filter.cpp:20:6:[m[K [01;31m[Kerror: [m[Kno declaration matches â€˜[01m[Kvoid realsense2_camera::NamedFilter::setOptions()[m[Kâ€™
[11.608s]    20 | void [01;31m[KNamedFilter[m[K::setOptions(){
[11.608s]       |      [01;31m[K^~~~~~~~~~~[m[K
[11.608s] [01m[K/workspaces/isaac_ros-dev/src/realsense-ros/realsense2_camera/src/named_filter.cpp:20:6:[m[K [01;36m[Knote: [m[Kno functions named â€˜[01m[Kvoid realsense2_camera::NamedFilter::setOptions()[m[Kâ€™
[11.608s] In file included from [01m[K/workspaces/isaac_ros-dev/src/realsense-ros/realsense2_camera/src/named_filter.cpp:4[m[K:
[11.608s] [01m[K/workspaces/isaac_ros-dev/src/realsense-ros/realsense2_camera/include/named_filter.h:15:11:[m[K [01;36m[Knote: [m[Kâ€˜[01m[Kclass realsense2_camera::NamedFilter[m[Kâ€™ defined here
[11.608s]    15 |     class [01;36m[KNamedFilter[m[K
[11.609s]       |           [01;36m[K^~~~~~~~~~~[m[K
[16.912s] [01m[K/workspaces/isaac_ros-dev/src/realsense-ros/realsense2_camera/src/base_realsense_node.cpp:[m[K In member function â€˜[01m[Kvoid realsense2_camera::BaseRealSenseNode::setupFilters()[m[Kâ€™:
[16.912s] [01m[K/workspaces/isaac_ros-dev/src/realsense-ros/realsense2_camera/src/base_realsense_node.cpp:179:5:[m[K [01;31m[Kerror: [m[Kâ€˜[01m[K_colorized_filter[m[Kâ€™ was not declared in this scope; did you mean â€˜[01m[K_colorizer_filter[m[Kâ€™?
[16.912s]   179 |     [01;31m[K_colorized_filter[m[K->setOptions();
[16.913s]       |     [01;31m[K^~~~~~~~~~~~~~~~~[m[K
[16.913s]       |     [32m[K_colorizer_filter[m[K
[17.910s] make[2]: *** [CMakeFiles/realsense2_camera.dir/build.make:202: CMakeFiles/realsense2_camera.dir/src/named_filter.cpp.o] Error 1
[17.910s] make[2]: *** Waiting for unfinished jobs....
[27.875s] make[2]: *** [CMakeFiles/realsense2_camera.dir/build.make:90: CMakeFiles/realsense2_camera.dir/src/base_realsense_node.cpp.o] Error 1
[27.876s] make[1]: *** [CMakeFiles/Makefile2:139: CMakeFiles/realsense2_camera.dir/all] Error 2
[27.877s] make: *** [Makefile:146: all] Error 2
[27.882s] Invoked command in '/workspaces/isaac_ros-dev/build/realsense2_camera' returned '2': CMAKE_PREFIX_PATH=/workspaces/isaac_ros-dev/install/realsense2_camera_msgs:/workspaces/isaac_ros-dev/install/realsense2_description:/workspaces/isaac_ros-dev/install/realsense2_camera:/workspaces/isaac_ros-dev/install/isaac_ros_tensor_list_interfaces:/workspaces/isaac_ros-dev/install/isaac_ros_pointcloud_interfaces:/workspaces/isaac_ros-dev/install/isaac_ros_nova_interfaces:/workspaces/isaac_ros-dev/install/isaac_ros_nitros_bridge_interfaces:/workspaces/isaac_ros-dev/install/isaac_ros_common:/workspaces/isaac_ros-dev/install/isaac_ros_bi3d_interfaces:/workspaces/isaac_ros-dev/install/isaac_ros_apriltag_interfaces:/workspaces/isaac_ros-dev/install/gst_bridge:/workspaces/isaac_ros-dev/install/audio_msgs:/workspaces/isaac_ros-dev/install/isaac_ros_test:/workspaces/isaac_ros-dev/install/gst_pipeline:/opt/ros/humble LD_LIBRARY_PATH=/workspaces/isaac_ros-dev/install/realsense2_camera_msgs/lib:/workspaces/isaac_ros-dev/install/realsense2_camera/lib:/workspaces/isaac_ros-dev/install/isaac_ros_tensor_list_interfaces/lib:/workspaces/isaac_ros-dev/install/isaac_ros_pointcloud_interfaces/lib:/workspaces/isaac_ros-dev/install/isaac_ros_nova_interfaces/lib:/workspaces/isaac_ros-dev/install/isaac_ros_nitros_bridge_interfaces/lib:/workspaces/isaac_ros-dev/install/isaac_ros_common/lib:/workspaces/isaac_ros-dev/install/isaac_ros_bi3d_interfaces/lib:/workspaces/isaac_ros-dev/install/isaac_ros_apriltag_interfaces/lib:/workspaces/isaac_ros-dev/install/gst_bridge/lib:/workspaces/isaac_ros-dev/install/audio_msgs/lib:/opt/ros/humble/opt/rviz_ogre_vendor/lib:/opt/ros/humble/lib/aarch64-linux-gnu:/opt/ros/humble/lib:/usr/lib/aarch64-linux-gnu/tegra/weston:/usr/lib/aarch64-linux-gnu/tegra-egl:/usr/local/cuda-11.4/targets/aarch64-linux/lib:/usr/lib/aarch64-linux-gnu/tegra:/opt/nvidia/vpi2/lib64:/usr/lib/aarch64-linux-gnu-host:/opt/tritonserver/lib /usr/bin/cmake --build /workspaces/isaac_ros-dev/build/realsense2_camera -- -j6 -l6
